2021-06-19 22:29:37:2937 [37mdebug[39m: [37mApp listening on the http://localhost:8080[39m
2021-06-19 22:42:34:4234 [35mhttp[39m: [35mApp listening on the http://localhost:8080[39m
2021-06-19 22:42:43:4243 [37mdebug[39m: [37mApp listening on the http://localhost:8080[39m
2021-06-19 22:50:17:5017 [37mdebug[39m: [37mApp listening on the http://localhost:8080[39m
2021-06-19 22:50:38:5038 [35mhttp[39m: [35mGET /api/ 200 47 - 2.248 ms[39m
[35m[39m
2021-06-20 01:02:44:244 [37mdebug[39m: [37mApp listening on the http://localhost:8080[39m
2021-06-20 01:04:10:410 [37mdebug[39m: [37mApp listening on the http://localhost:8080[39m
2021-06-20 01:04:28:428 [37mdebug[39m: [37mApp listening on the http://localhost:8080[39m
2021-06-20 01:04:56:456 [35mhttp[39m: [35mGET /api/ 404 143 - 1.568 ms[39m
[35m[39m
2021-06-20 01:13:13:1313 [37mdebug[39m: [37mApp listening on the http://localhost:8080[39m
2021-06-20 01:13:24:1324 [35mhttp[39m: [35mGET /api/ 404 143 - 1.250 ms[39m
[35m[39m
2021-06-20 01:15:18:1518 [37mdebug[39m: [37mApp listening on the http://localhost:8080[39m
2021-06-20 01:16:24:1624 [37mdebug[39m: [37mApp listening on the http://localhost:8080[39m
2021-06-20 01:17:02:172 [37mdebug[39m: [37mApp listening on the http://localhost:8080[39m
2021-06-20 01:18:44:1844 [37mdebug[39m: [37mApp listening on the http://localhost:8080[39m
2021-06-20 01:21:24:2124 [37mdebug[39m: [37mApp listening on the http://localhost:8080[39m
2021-06-20 01:23:36:2336 [37mdebug[39m: [37mApp listening on the http://localhost:8080[39m
2021-06-20 08:56:42:5642 [37mdebug[39m: [37mApp listening on the http://localhost:8080[39m
2021-06-20 08:56:44:5644 [37mdebug[39m: [37mdb connection succesful[39m
2021-06-20 08:57:05:575 [37mdebug[39m: [37mApp listening on the http://localhost:8080[39m
2021-06-20 08:57:07:577 [37mdebug[39m: [37mdb connection succesful[39m
2021-06-20 08:57:15:5715 [35mhttp[39m: [35mGET /api/ 404 143 - 1.541 ms[39m
[35m[39m
2021-06-20 08:58:18:5818 [37mdebug[39m: [37mApp listening on the http://localhost:8080[39m
2021-06-20 08:58:20:5820 [37mdebug[39m: [37mdb connection succesful[39m
2021-06-20 08:58:28:5828 [35mhttp[39m: [35mGET /api/ 404 143 - 1.239 ms[39m
[35m[39m
2021-06-20 09:01:26:126 [37mdebug[39m: [37mApp listening on the http://localhost:8080[39m
2021-06-20 09:01:27:127 [37mdebug[39m: [37mdb connection succesful[39m
2021-06-20 09:01:32:132 [35mhttp[39m: [35mGET /api/ 404 143 - 1.257 ms[39m
[35m[39m
2021-06-20 09:01:32:132 [35mhttp[39m: [35mGET /api/ 404 143 - 0.122 ms[39m
[35m[39m
2021-06-20 09:03:37:337 [35mhttp[39m: [35mGET /api/ 404 143 - 0.181 ms[39m
[35m[39m
2021-06-20 09:04:49:449 [37mdebug[39m: [37mApp listening on the http://localhost:8080[39m
2021-06-20 09:04:51:451 [37mdebug[39m: [37mdb connection succesful[39m
2021-06-20 09:09:08:98 [37mdebug[39m: [37mApp listening on the http://localhost:8080[39m
2021-06-20 09:09:10:910 [37mdebug[39m: [37mdb connection succesful[39m
2021-06-20 09:09:25:925 [35mhttp[39m: [35mGET /api/ 404 143 - 1.300 ms[39m
[35m[39m
2021-06-20 09:09:59:959 [37mdebug[39m: [37mApp listening on the http://localhost:8080[39m
2021-06-20 09:10:00:100 [37mdebug[39m: [37mdb connection succesful[39m
2021-06-20 09:10:02:102 [35mhttp[39m: [35mGET /api/ 404 143 - 1.194 ms[39m
[35m[39m
2021-06-20 09:10:04:104 [35mhttp[39m: [35mGET /api/ 404 143 - 0.123 ms[39m
[35m[39m
2021-06-20 09:10:25:1025 [35mhttp[39m: [35mGET /api/health 404 149 - 0.172 ms[39m
[35m[39m
2021-06-20 09:10:34:1034 [35mhttp[39m: [35mGET /api 404 142 - 0.124 ms[39m
[35m[39m
2021-06-20 09:10:51:1051 [37mdebug[39m: [37mApp listening on the http://localhost:8080[39m
2021-06-20 09:10:53:1053 [37mdebug[39m: [37mdb connection succesful[39m
2021-06-20 09:11:36:1136 [35mhttp[39m: [35mGET /api 404 142 - 1.322 ms[39m
[35m[39m
2021-06-20 09:13:30:1330 [37mdebug[39m: [37mApp listening on the http://localhost:8080[39m
2021-06-20 09:13:33:1333 [37mdebug[39m: [37mdb connection succesful[39m
2021-06-20 09:13:45:1345 [37mdebug[39m: [37mApp listening on the http://localhost:8080[39m
2021-06-20 09:13:47:1347 [37mdebug[39m: [37mdb connection succesful[39m
2021-06-20 09:13:47:1347 [35mhttp[39m: [35mGET /api 404 142 - 1.251 ms[39m
[35m[39m
2021-06-20 09:13:48:1348 [35mhttp[39m: [35mGET /api 404 142 - 0.123 ms[39m
[35m[39m
2021-06-20 09:14:35:1435 [37mdebug[39m: [37mApp listening on the http://localhost:8080[39m
2021-06-20 09:14:36:1436 [37mdebug[39m: [37mdb connection succesful[39m
2021-06-20 09:14:38:1438 [35mhttp[39m: [35mGET /api 200 47 - 2.317 ms[39m
[35m[39m
2021-06-20 09:14:54:1454 [37mdebug[39m: [37mApp listening on the http://localhost:8080[39m
2021-06-20 09:14:56:1456 [37mdebug[39m: [37mdb connection succesful[39m
2021-06-20 09:15:00:150 [35mhttp[39m: [35mGET /api 200 47 - 6.242 ms[39m
[35m[39m
2021-06-20 09:40:44:4044 [37mdebug[39m: [37mApp listening on the http://localhost:8080[39m
2021-06-20 09:40:46:4046 [37mdebug[39m: [37mdb connection succesful[39m
2021-06-20 09:40:52:4052 [35mhttp[39m: [35mGET /api 200 47 - 440.138 ms[39m
[35m[39m
2021-06-20 09:42:27:4227 [37mdebug[39m: [37mApp listening on the http://localhost:8080[39m
2021-06-20 09:42:29:4229 [37mdebug[39m: [37mdb connection succesful[39m
2021-06-20 09:43:01:431 [35mhttp[39m: [35mGET /api 200 47 - 359.732 ms[39m
[35m[39m
2021-06-20 09:45:10:4510 [35mhttp[39m: [35mGET /api 200 47 - 1159.322 ms[39m
[35m[39m
2021-06-20 10:28:05:285 [37mdebug[39m: [37mApp listening on the http://localhost:8080[39m
2021-06-20 10:28:07:287 [37mdebug[39m: [37mdb connection succesful[39m
2021-06-20 10:28:12:2812 [35mhttp[39m: [35mGET /api 200 47 - 406.259 ms[39m
[35m[39m
2021-06-20 13:50:31:5031 [37mdebug[39m: [37mApp listening on the http://localhost:8080[39m
2021-06-20 13:50:33:5033 [37mdebug[39m: [37mdb connection succesful[39m
2021-06-20 13:51:17:5117 [35mhttp[39m: [35mGET /api?lat=23.92323&lon=-66.3&access_token=oYpLaUdsksGbJwMV7o26 200 47 - 2.330 ms[39m
[35m[39m
2021-06-20 13:51:48:5148 [37mdebug[39m: [37mApp listening on the http://localhost:8080[39m
2021-06-20 13:51:50:5150 [37mdebug[39m: [37mdb connection succesful[39m
2021-06-20 13:51:51:5151 [35mhttp[39m: [35mGET /api/location?lat=23.92323&lon=-66.3&access_token=oYpLaUdsksGbJwMV7o26 401 28 - 2.508 ms[39m
[35m[39m
2021-06-20 13:52:28:5228 [37mdebug[39m: [37mApp listening on the http://localhost:8080[39m
2021-06-20 13:52:30:5230 [37mdebug[39m: [37mdb connection succesful[39m
2021-06-20 13:52:31:5231 [35mhttp[39m: [35mGET /api/location?lat=23.92323&lon=-66.3&access_token=oYpLaUdsksGbJwMV7o26 401 28 - 2.727 ms[39m
[35m[39m
2021-06-20 13:53:16:5316 [37mdebug[39m: [37mApp listening on the http://localhost:8080[39m
2021-06-20 13:53:18:5318 [37mdebug[39m: [37mdb connection succesful[39m
2021-06-20 13:53:22:5322 [35mhttp[39m: [35mGET /api/location?lat=23.92323&lon=-66.3&access_token=oYpLaUdsksGbJwMV7o26 200 153 - 851.819 ms[39m
[35m[39m
2021-06-20 13:53:53:5353 [37mdebug[39m: [37mApp listening on the http://localhost:8080[39m
2021-06-20 13:53:54:5354 [37mdebug[39m: [37mdb connection succesful[39m
2021-06-20 13:54:09:549 [35mhttp[39m: [35mGET /api/location?lat=23.92323&lon=-66.3&access_token=oYpLaUdsksGbJwMV7o26 200 154 - 682.561 ms[39m
[35m[39m
2021-06-20 13:56:24:5624 [37mdebug[39m: [37mApp listening on the http://localhost:8080[39m
2021-06-20 13:56:26:5626 [37mdebug[39m: [37mdb connection succesful[39m
2021-06-20 13:56:38:5638 [37mdebug[39m: [37mApp listening on the http://localhost:8080[39m
2021-06-20 13:56:40:5640 [37mdebug[39m: [37mdb connection succesful[39m
2021-06-20 13:56:52:5652 [37mdebug[39m: [37mApp listening on the http://localhost:8080[39m
2021-06-20 13:56:53:5653 [37mdebug[39m: [37mdb connection succesful[39m
2021-06-20 13:57:02:572 [37mdebug[39m: [37mApp listening on the http://localhost:8080[39m
2021-06-20 13:57:04:574 [37mdebug[39m: [37mdb connection succesful[39m
2021-06-20 13:57:08:578 [37mdebug[39m: [37mApp listening on the http://localhost:8080[39m
2021-06-20 13:57:10:5710 [37mdebug[39m: [37mdb connection succesful[39m
2021-06-20 13:58:06:586 [37mdebug[39m: [37mApp listening on the http://localhost:8080[39m
2021-06-20 13:58:08:588 [37mdebug[39m: [37mdb connection succesful[39m
2021-06-20 13:58:27:5827 [37mdebug[39m: [37mApp listening on the http://localhost:8080[39m
2021-06-20 13:58:29:5829 [37mdebug[39m: [37mdb connection succesful[39m
2021-06-20 13:59:47:5947 [37mdebug[39m: [37mApp listening on the http://localhost:8080[39m
2021-06-20 13:59:48:5948 [37mdebug[39m: [37mdb connection succesful[39m
2021-06-20 13:59:54:5954 [37mdebug[39m: [37mApp listening on the http://localhost:8080[39m
2021-06-20 13:59:56:5956 [37mdebug[39m: [37mdb connection succesful[39m
2021-06-20 14:00:02:02 [37mdebug[39m: [37mApp listening on the http://localhost:8080[39m
2021-06-20 14:00:05:05 [37mdebug[39m: [37mApp listening on the http://localhost:8080[39m
2021-06-20 14:00:07:07 [37mdebug[39m: [37mdb connection succesful[39m
2021-06-20 14:00:54:054 [37mdebug[39m: [37mApp listening on the http://localhost:8080[39m
2021-06-20 14:00:56:056 [37mdebug[39m: [37mdb connection succesful[39m
2021-06-20 14:01:12:112 [37mdebug[39m: [37mApp listening on the http://localhost:8080[39m
2021-06-20 14:01:13:113 [37mdebug[39m: [37mdb connection succesful[39m
2021-06-20 14:01:33:133 [37mdebug[39m: [37mApp listening on the http://localhost:8080[39m
2021-06-20 14:01:34:134 [37mdebug[39m: [37mdb connection succesful[39m
2021-06-20 14:01:47:147 [37mdebug[39m: [37mApp listening on the http://localhost:8080[39m
2021-06-20 14:01:49:149 [37mdebug[39m: [37mdb connection succesful[39m
2021-06-20 14:02:18:218 [37mdebug[39m: [37mApp listening on the http://localhost:8080[39m
2021-06-20 14:02:20:220 [37mdebug[39m: [37mdb connection succesful[39m
2021-06-20 14:02:43:243 [35mhttp[39m: [35mGET /api/location?lat=23.92323&lon=-66.3&access_token=oYpLaUdsksGbJwMV7o26 200 154 - 971.786 ms[39m
[35m[39m
2021-06-20 14:10:06:106 [37mdebug[39m: [37mApp listening on the http://localhost:8080[39m
2021-06-20 14:10:08:108 [37mdebug[39m: [37mdb connection succesful[39m
2021-06-20 14:10:14:1014 [37mdebug[39m: [37mApp listening on the http://localhost:8080[39m
2021-06-20 14:10:16:1016 [37mdebug[39m: [37mdb connection succesful[39m
2021-06-20 14:16:53:1653 [37mdebug[39m: [37mApp listening on the http://localhost:8080[39m
2021-06-20 14:16:55:1655 [35mhttp[39m: [35mGET /api/location?lat=23.92323&lon=-66.3&access_token=oYpLaUdsksGbJwMV7o26 200 40 - 848.992 ms[39m
[35m[39m
2021-06-20 14:16:55:1655 [37mdebug[39m: [37mdb connection succesful[39m
2021-06-20 14:23:36:2336 [35mhttp[39m: [35mGET /api/location?lat=23.92323&lon=-66.3&access_token=oYpLaUdsksGbJwMV7o26&user_id=lioz 200 40 - 796.131 ms[39m
[35m[39m
2021-06-20 14:25:21:2521 [37mdebug[39m: [37mApp listening on the http://localhost:8080[39m
2021-06-20 14:25:23:2523 [37mdebug[39m: [37mdb connection succesful[39m
2021-06-20 14:25:29:2529 [35mhttp[39m: [35mGET /api/location?lat=23.92323&lon=-66.3&access_token=oYpLaUdsksGbJwMV7o26&user_id=lioz 200 40 - 751.560 ms[39m
[35m[39m
2021-06-20 14:25:32:2532 [35mhttp[39m: [35mGET /api/location?lat=23.92323&lon=-66.3&access_token=oYpLaUdsksGbJwMV7o26 401 28 - 0.372 ms[39m
[35m[39m
2021-06-20 14:26:49:2649 [35mhttp[39m: [35mGET /api/location?lat=0&lon=0&access_token=oYpLaUdsksGbJwMV7o26 401 28 - 0.468 ms[39m
[35m[39m
2021-06-20 14:27:20:2720 [35mhttp[39m: [35mGET /api/location?lat=23&lon=-66&access_token=oYpLaUdsksGbJwMV7o26 401 28 - 0.309 ms[39m
[35m[39m
2021-06-20 14:27:25:2725 [35mhttp[39m: [35mGET /api/location?lat=23&lon=-66&access_token=oYpLaUdsksGbJwMV7o26&user_id=lioz 200 40 - 566.262 ms[39m
[35m[39m
2021-06-20 14:43:07:437 [37mdebug[39m: [37mApp listening on the http://localhost:8080[39m
2021-06-20 14:43:09:439 [37mdebug[39m: [37mdb connection succesful[39m
2021-06-20 14:45:04:454 [37mdebug[39m: [37mApp listening on the http://localhost:8080[39m
2021-06-20 14:45:11:4511 [37mdebug[39m: [37mApp listening on the http://localhost:8080[39m
2021-06-20 14:45:14:4514 [37mdebug[39m: [37mdb connection succesful[39m
2021-06-20 14:45:28:4528 [35mhttp[39m: [35mGET /api/location?lat=23&lon=-66&access_token=oYpLaUdsksGbJwMV7o26&user_id=lioz 200 40 - 993.280 ms[39m
[35m[39m
2021-06-20 14:51:32:5132 [37mdebug[39m: [37mApp listening on the http://localhost:8080[39m
2021-06-20 14:51:34:5134 [37mdebug[39m: [37mdb connection succesful[39m
2021-06-20 14:54:03:543 [37mdebug[39m: [37mApp listening on the http://localhost:8080[39m
2021-06-20 14:54:05:545 [37mdebug[39m: [37mdb connection succesful[39m
2021-06-20 14:54:08:548 [35mhttp[39m: [35mGET /api/location?lat=23&lon=-66&access_token=oYpLaUdsksGbJwMV7o26&user_id=lioz 200 72 - 826.206 ms[39m
[35m[39m
2021-06-20 14:54:50:5450 [37mdebug[39m: [37mApp listening on the http://localhost:8080[39m
2021-06-20 14:54:52:5452 [37mdebug[39m: [37mdb connection succesful[39m
2021-06-20 14:54:54:5454 [35mhttp[39m: [35mGET /api/location?lat=23&lon=-66&access_token=oYpLaUdsksGbJwMV7o26&user_id=lioz 200 74 - 976.326 ms[39m
[35m[39m
2021-06-20 14:55:42:5542 [37mdebug[39m: [37mApp listening on the http://localhost:8080[39m
2021-06-20 14:55:44:5544 [37mdebug[39m: [37mdb connection succesful[39m
2021-06-20 14:56:21:5621 [37mdebug[39m: [37mApp listening on the http://localhost:8080[39m
2021-06-20 14:56:23:5623 [37mdebug[39m: [37mdb connection succesful[39m
2021-06-20 14:56:28:5628 [35mhttp[39m: [35mGET /api/location?lat=23&lon=-66&access_token=oYpLaUdsksGbJwMV7o26&user_id=lioz 200 258 - 1256.529 ms[39m
[35m[39m
2021-06-20 15:01:20:120 [37mdebug[39m: [37mApp listening on the http://localhost:8080[39m
2021-06-20 15:01:22:122 [37mdebug[39m: [37mdb connection succesful[39m
2021-06-20 15:01:45:145 [37mdebug[39m: [37mApp listening on the http://localhost:8080[39m
2021-06-20 15:01:47:147 [37mdebug[39m: [37mdb connection succesful[39m
2021-06-20 15:02:08:28 [37mdebug[39m: [37mApp listening on the http://localhost:8080[39m
2021-06-20 15:02:09:29 [37mdebug[39m: [37mdb connection succesful[39m
2021-06-20 15:02:12:212 [35mhttp[39m: [35mGET /api/location?lat=23&lon=-66&access_token=oYpLaUdsksGbJwMV7o26&user_id=lioz 200 418 - 1441.159 ms[39m
[35m[39m
2021-06-20 15:02:28:228 [35mhttp[39m: [35mGET /api/location?lat=24&lon=-34&access_token=oYpLaUdsksGbJwMV7o26&user_id=lioz 200 418 - 1547.139 ms[39m
[35m[39m
2021-06-20 15:02:42:242 [37mdebug[39m: [37mApp listening on the http://localhost:8080[39m
2021-06-20 15:02:44:244 [37mdebug[39m: [37mdb connection succesful[39m
2021-06-20 15:02:45:245 [35mhttp[39m: [35mGET /api/location?lat=25&lon=-34&access_token=oYpLaUdsksGbJwMV7o26&user_id=lioz 200 418 - 1492.485 ms[39m
[35m[39m
2021-06-20 15:03:18:318 [37mdebug[39m: [37mApp listening on the http://localhost:8080[39m
2021-06-20 15:03:19:319 [37mdebug[39m: [37mdb connection succesful[39m
2021-06-20 15:08:02:82 [37mdebug[39m: [37mApp listening on the http://localhost:8080[39m
2021-06-20 15:08:04:84 [37mdebug[39m: [37mdb connection succesful[39m
2021-06-20 15:08:25:825 [37mdebug[39m: [37mApp listening on the http://localhost:8080[39m
2021-06-20 15:08:27:827 [37mdebug[39m: [37mdb connection succesful[39m
2021-06-20 15:08:28:828 [35mhttp[39m: [35mGET /api/location?lat=25&lon=-34&access_token=oYpLaUdsksGbJwMV7o26&user_id=lioz 200 445 - 1277.097 ms[39m
[35m[39m
2021-06-20 15:08:48:848 [35mhttp[39m: [35mGET /api/location?lat=25&lon=-34&access_token=oYpLaUdsksGbJwMV7o26&user_id=meytal 200 266 - 1150.368 ms[39m
[35m[39m
2021-06-20 15:09:03:93 [35mhttp[39m: [35mGET /api/location?lat=45&lon=-34&access_token=oYpLaUdsksGbJwMV7o26&user_id=meytal 200 449 - 1701.772 ms[39m
[35m[39m
2021-06-20 15:09:33:933 [35mhttp[39m: [35mGET /api/location?lat=42.35&lon=-71.1&access_token=oYpLaUdsksGbJwMV7o26&user_id=meytal 200 443 - 1346.991 ms[39m
[35m[39m
2021-06-20 15:09:41:941 [35mhttp[39m: [35mGET /api/location?lat=42.35&lon=-71.1&access_token=oYpLaUdsksGbJwMV7o26&user_id=lioz 200 440 - 1106.997 ms[39m
[35m[39m
2021-06-20 15:10:19:1019 [37mdebug[39m: [37mApp listening on the http://localhost:8080[39m
2021-06-20 15:10:21:1021 [37mdebug[39m: [37mdb connection succesful[39m
2021-06-20 15:10:26:1026 [35mhttp[39m: [35mGET /api/location?lat=42.35&lon=-71.1&access_token=oYpLaUdsksGbJwMV7o26&user_id=lioz 200 442 - 1266.526 ms[39m
[35m[39m
2021-06-20 15:10:31:1031 [35mhttp[39m: [35mGET /api/location?lat=42.35&lon=-71.1&access_token=oYpLaUdsksGbJwMV7o26&user_id=lioz 200 456 - 1081.043 ms[39m
[35m[39m
2021-06-20 15:30:10:3010 [37mdebug[39m: [37mApp listening on the http://localhost:8080[39m
2021-06-20 15:30:12:3012 [37mdebug[39m: [37mdb connection succesful[39m
2021-06-20 15:30:51:3051 [35mhttp[39m: [35mGET /api/location?lat=42.35&lon=-71.1&access_token=oYpLaUdsksGbJwMV7o26&user_id=lioz&address=1600%20Pennsylvania%20Ave%20NW,%20Washington%20DC - - - - ms[39m
[35m[39m
2021-06-20 15:32:07:327 [35mhttp[39m: [35mGET /api/location?access_token=oYpLaUdsksGbJwMV7o26&user_id=lioz&address=1600%20Pennsylvania%20Ave%20NW,%20Washington%20DC - - - - ms[39m
[35m[39m
2021-06-20 15:33:14:3314 [35mhttp[39m: [35mGET /api/location?access_token=oYpLaUdsksGbJwMV7o26&user_id=lioz&address=%221600%20Pennsylvania%20Ave%20NW,%20Washington%20DC%22 - - - - ms[39m
[35m[39m
2021-06-20 15:34:43:3443 [37mdebug[39m: [37mApp listening on the http://localhost:8080[39m
2021-06-20 15:34:45:3445 [37mdebug[39m: [37mdb connection succesful[39m
2021-06-20 15:35:05:355 [35mhttp[39m: [35mGET /api/location?access_token=oYpLaUdsksGbJwMV7o26&user_id=lioz&address=1600%20Pennsylvania%20Ave%20NW,%20Washington%20DC - - - - ms[39m
[35m[39m
2021-06-20 15:35:26:3526 [37mdebug[39m: [37mApp listening on the http://localhost:8080[39m
2021-06-20 15:35:28:3528 [37mdebug[39m: [37mdb connection succesful[39m
2021-06-20 15:35:44:3544 [35mhttp[39m: [35mGET /api/location?access_token=oYpLaUdsksGbJwMV7o26&user_id=lioz&address=1600%20Pennsylvania%20Ave%20NW,%20Washington%20DC - - - - ms[39m
[35m[39m
2021-06-20 15:36:02:362 [37mdebug[39m: [37mApp listening on the http://localhost:8080[39m
2021-06-20 15:36:04:364 [37mdebug[39m: [37mdb connection succesful[39m
2021-06-20 15:36:16:3616 [37mdebug[39m: [37mApp listening on the http://localhost:8080[39m
2021-06-20 15:36:18:3618 [37mdebug[39m: [37mdb connection succesful[39m
2021-06-20 15:37:02:372 [37mdebug[39m: [37mApp listening on the http://localhost:8080[39m
2021-06-20 15:37:09:379 [37mdebug[39m: [37mdb connection succesful[39m
2021-06-20 15:37:24:3724 [37mdebug[39m: [37mApp listening on the http://localhost:8080[39m
2021-06-20 15:37:29:3729 [37mdebug[39m: [37mApp listening on the http://localhost:8080[39m
2021-06-20 15:37:30:3730 [37mdebug[39m: [37mdb connection succesful[39m
2021-06-20 15:37:37:3737 [35mhttp[39m: [35mGET /api/location?access_token=oYpLaUdsksGbJwMV7o26&user_id=lioz&address=1600%20Pennsylvania%20Ave%20NW,%20Washington%20DC 200 358 - 1894.328 ms[39m
[35m[39m
2021-06-20 15:39:28:3928 [37mdebug[39m: [37mApp listening on the http://localhost:8080[39m
2021-06-20 15:39:30:3930 [37mdebug[39m: [37mdb connection succesful[39m
2021-06-20 15:39:51:3951 [35mhttp[39m: [35mGET /api/location?access_token=oYpLaUdsksGbJwMV7o26&user_id=lioz&address=1600%20Pennsylvania%20Ave%20NW,%20Washington%20DC - - - - ms[39m
[35m[39m
2021-06-20 15:40:16:4016 [37mdebug[39m: [37mApp listening on the http://localhost:8080[39m
2021-06-20 15:40:18:4018 [37mdebug[39m: [37mdb connection succesful[39m
2021-06-20 15:40:30:4030 [35mhttp[39m: [35mGET /api/location?access_token=oYpLaUdsksGbJwMV7o26&user_id=lioz&address=1600%20Pennsylvania%20Ave%20NW,%20Washington%20DC 200 272 - 2067.381 ms[39m
[35m[39m
2021-06-20 15:41:06:416 [37mdebug[39m: [37mApp listening on the http://localhost:8080[39m
2021-06-20 15:41:08:418 [37mdebug[39m: [37mdb connection succesful[39m
2021-06-20 15:41:14:4114 [35mhttp[39m: [35mGET /api/location?access_token=oYpLaUdsksGbJwMV7o26&user_id=lioz&address=1600%20Pennsylvania%20Ave%20NW,%20Washington%20DC 200 287 - 2068.176 ms[39m
[35m[39m
2021-06-20 15:41:35:4135 [37mdebug[39m: [37mApp listening on the http://localhost:8080[39m
2021-06-20 15:41:37:4137 [37mdebug[39m: [37mdb connection succesful[39m
2021-06-20 15:41:44:4144 [35mhttp[39m: [35mGET /api/location?access_token=oYpLaUdsksGbJwMV7o26&user_id=lioz&address=1600%20Pennsylvania%20Ave%20NW,%20Washington%20DC 200 287 - 2180.390 ms[39m
[35m[39m
2021-06-20 15:43:16:4316 [37mdebug[39m: [37mApp listening on the http://localhost:8080[39m
2021-06-20 15:43:18:4318 [37mdebug[39m: [37mdb connection succesful[39m
2021-06-20 15:43:30:4330 [35mhttp[39m: [35mGET /api/location?access_token=oYpLaUdsksGbJwMV7o26&user_id=lioz&address=1600%20Pennsylvania%20Ave%20NW,%20Washington%20DC 200 274 - 2218.951 ms[39m
[35m[39m
2021-06-20 15:45:11:4511 [37mdebug[39m: [37mApp listening on the http://localhost:8080[39m
2021-06-20 15:45:13:4513 [37mdebug[39m: [37mdb connection succesful[39m
2021-06-20 15:45:18:4518 [35mhttp[39m: [35mGET /api/location?access_token=oYpLaUdsksGbJwMV7o26&user_id=lioz&address=1600%20Pennsylvania%20Ave%20NW,%20Washington%20DC 200 287 - 2516.226 ms[39m
[35m[39m
2021-06-20 15:46:05:465 [37mdebug[39m: [37mApp listening on the http://localhost:8080[39m
2021-06-20 15:46:07:467 [37mdebug[39m: [37mdb connection succesful[39m
2021-06-20 15:46:10:4610 [35mhttp[39m: [35mGET /api/location?access_token=oYpLaUdsksGbJwMV7o26&user_id=lioz&address=1600%20Pennsylvania%20Ave%20NW,%20Washington%20DC 200 368 - 2274.795 ms[39m
[35m[39m
2021-06-20 15:47:46:4746 [35mhttp[39m: [35mGET /api/location?lat=42.35&lon=-71.1&access_token=oYpLaUdsksGbJwMV7o26&user_id=lioz 200 451 - 1218.892 ms[39m
[35m[39m
2021-06-20 15:48:42:4842 [37mdebug[39m: [37mApp listening on the http://localhost:8080[39m
2021-06-20 15:48:44:4844 [37mdebug[39m: [37mdb connection succesful[39m
2021-06-20 15:48:55:4855 [37mdebug[39m: [37mApp listening on the http://localhost:8080[39m
2021-06-20 15:48:56:4856 [37mdebug[39m: [37mdb connection succesful[39m
2021-06-20 15:49:01:491 [35mhttp[39m: [35mGET /api/location?lat=42.35&lon=-71.1&access_token=oYpLaUdsksGbJwMV7o26&user_id=lioz 200 293 - 1230.179 ms[39m
[35m[39m
2021-06-20 15:49:09:499 [35mhttp[39m: [35mGET /api/location?access_token=oYpLaUdsksGbJwMV7o26&user_id=lioz&address=1600%20Pennsylvania%20Ave%20NW,%20Washington%20DC 200 320 - 1883.677 ms[39m
[35m[39m
2021-06-20 15:49:34:4934 [37mdebug[39m: [37mApp listening on the http://localhost:8080[39m
2021-06-20 15:49:36:4936 [37mdebug[39m: [37mdb connection succesful[39m
